2025-08-20 14:17:52,437 [Worker-6: Loading available Gradle versions] INFO  o.e.b.c.i.u.g.PublishedGradleVersions - Gradle version information cache is out-of-date. Trying to update.
2025-08-20 14:19:57,261 [Worker-2: Import Getting Started Content] INFO  o.e.m.c.i.l.LifecycleMappingFactory - Using org.eclipse.m2e.jdt.JarLifecycleMapping lifecycle mapping for MavenProject: com.invoice.main:pdf-invoice-app:0.0.1-SNAPSHOT @ D:\pdf-invoice-app\pdf-invoice-app\pom.xml.
2025-08-20 14:20:10,560 [Worker-2: Import Getting Started Content] INFO  o.e.m.j.i.AbstractJavaProjectConfigurator - Adding source folder /pdf-invoice-app/src/main/java
2025-08-20 14:20:10,566 [Worker-2: Import Getting Started Content] INFO  o.e.m.j.i.AbstractJavaProjectConfigurator - Adding resource folder /pdf-invoice-app/src/main/resources
2025-08-20 14:20:10,578 [Worker-2: Import Getting Started Content] INFO  o.e.m.j.i.AbstractJavaProjectConfigurator - Adding resource folder /pdf-invoice-app/src/main/resources
2025-08-20 14:20:10,611 [Worker-2: Import Getting Started Content] INFO  o.e.m.j.i.AbstractJavaProjectConfigurator - Adding source folder /pdf-invoice-app/src/test/java
2025-08-20 14:20:10,613 [Worker-2: Import Getting Started Content] INFO  o.e.m.j.i.AbstractJavaProjectConfigurator - Adding resource folder /pdf-invoice-app/src/test/resources
2025-08-20 14:20:17,847 [Worker-2: Import Getting Started Content] INFO  o.e.m.c.i.p.ProjectConfigurationManager - Imported and configured 1 project(s) in 40 sec
2025-08-20 14:20:17,850 [Worker-2: Import Getting Started Content] INFO  o.e.m.c.i.p.ProjectConfigurationManager - Update started
2025-08-20 14:20:19,543 [Worker-2: Import Getting Started Content] INFO  o.e.m.c.i.l.LifecycleMappingFactory - Using org.eclipse.m2e.jdt.JarLifecycleMapping lifecycle mapping for MavenProject: com.invoice.main:pdf-invoice-app:0.0.1-SNAPSHOT @ D:\pdf-invoice-app\pdf-invoice-app\pom.xml.
2025-08-20 14:20:21,266 [Worker-2: Import Getting Started Content] INFO  o.e.m.j.i.AbstractJavaProjectConfigurator - Adding source folder /pdf-invoice-app/src/main/java
2025-08-20 14:20:21,267 [Worker-2: Import Getting Started Content] INFO  o.e.m.j.i.AbstractJavaProjectConfigurator - Adding resource folder /pdf-invoice-app/src/main/resources
2025-08-20 14:20:21,267 [Worker-2: Import Getting Started Content] INFO  o.e.m.j.i.AbstractJavaProjectConfigurator - Adding resource folder /pdf-invoice-app/src/main/resources
2025-08-20 14:20:21,268 [Worker-2: Import Getting Started Content] INFO  o.e.m.j.i.AbstractJavaProjectConfigurator - Adding source folder /pdf-invoice-app/src/test/java
2025-08-20 14:20:21,269 [Worker-2: Import Getting Started Content] INFO  o.e.m.j.i.AbstractJavaProjectConfigurator - Adding resource folder /pdf-invoice-app/src/test/resources
2025-08-20 14:20:22,187 [Worker-2: Import Getting Started Content] INFO  o.e.m.c.i.p.ProjectConfigurationManager - Update completed for 1 poms: local refresh takes 0.00 sec, refresh facades takes 3.00 sec, update config takes 0.00 sec 
2025-08-20 14:20:24,184 [Worker-1: Building] INFO  o.a.m.s.f.DefaultMavenResourcesFiltering - Copying 1 resource from src\main\resources to target\classes
2025-08-20 14:20:24,226 [Worker-1: Building] INFO  o.a.m.s.f.DefaultMavenResourcesFiltering - Copying 0 resource from src\main\resources to target\classes
2025-08-20 14:20:24,231 [Worker-1: Building] INFO  o.a.m.s.f.DefaultMavenResourcesFiltering - skip non existing resourceDirectory D:\pdf-invoice-app\pdf-invoice-app\src\test\resources
2025-08-20 14:23:16,584 [Worker-10: Building] INFO  o.e.m.c.i.l.LifecycleMappingFactory - Using org.eclipse.m2e.jdt.JarLifecycleMapping lifecycle mapping for MavenProject: com.invoice.main:pdf-invoice-app:0.0.1-SNAPSHOT @ D:\pdf-invoice-app\pdf-invoice-app\pom.xml.
2025-08-20 14:23:19,637 [Worker-10: Building] INFO  o.e.m.c.i.e.AbstractTransferListenerAdapter - Downloading https://repo.maven.apache.org/maven2/com/itextpdf/itextpdf/5.5.13.3/itextpdf-5.5.13.3.pom
2025-08-20 14:23:19,790 [Worker-10: Building] INFO  o.e.m.c.i.e.AbstractTransferListenerAdapter - Downloaded https://repo.maven.apache.org/maven2/com/itextpdf/itextpdf/5.5.13.3/itextpdf-5.5.13.3.pom
2025-08-20 14:23:19,917 [Worker-10: Building] INFO  o.e.m.c.i.e.AbstractTransferListenerAdapter - Downloading https://repo.maven.apache.org/maven2/com/itextpdf/itext-parent/1.0.0/itext-parent-1.0.0.pom
2025-08-20 14:23:19,993 [Worker-10: Building] INFO  o.e.m.c.i.e.AbstractTransferListenerAdapter - Downloaded https://repo.maven.apache.org/maven2/com/itextpdf/itext-parent/1.0.0/itext-parent-1.0.0.pom
2025-08-20 14:23:20,073 [Worker-10: Building] INFO  o.e.m.c.i.e.AbstractTransferListenerAdapter - Downloading https://repo.maven.apache.org/maven2/com/google/zxing/core/3.5.2/core-3.5.2.pom
2025-08-20 14:23:20,125 [Worker-10: Building] INFO  o.e.m.c.i.e.AbstractTransferListenerAdapter - Downloaded https://repo.maven.apache.org/maven2/com/google/zxing/core/3.5.2/core-3.5.2.pom
2025-08-20 14:23:20,210 [Worker-10: Building] INFO  o.e.m.c.i.e.AbstractTransferListenerAdapter - Downloading https://repo.maven.apache.org/maven2/com/google/zxing/zxing-parent/3.5.2/zxing-parent-3.5.2.pom
2025-08-20 14:23:20,296 [Worker-10: Building] INFO  o.e.m.c.i.e.AbstractTransferListenerAdapter - Downloaded https://repo.maven.apache.org/maven2/com/google/zxing/zxing-parent/3.5.2/zxing-parent-3.5.2.pom
2025-08-20 14:23:20,405 [Worker-10: Building] INFO  o.e.m.c.i.e.AbstractTransferListenerAdapter - Downloading https://repo.maven.apache.org/maven2/com/google/zxing/javase/3.5.2/javase-3.5.2.pom
2025-08-20 14:23:20,445 [Worker-10: Building] INFO  o.e.m.c.i.e.AbstractTransferListenerAdapter - Downloaded https://repo.maven.apache.org/maven2/com/google/zxing/javase/3.5.2/javase-3.5.2.pom
2025-08-20 14:23:20,519 [Worker-10: Building] INFO  o.e.m.c.i.e.AbstractTransferListenerAdapter - Downloading https://repo.maven.apache.org/maven2/com/beust/jcommander/1.82/jcommander-1.82.pom
2025-08-20 14:23:20,572 [Worker-10: Building] INFO  o.e.m.c.i.e.AbstractTransferListenerAdapter - Downloaded https://repo.maven.apache.org/maven2/com/beust/jcommander/1.82/jcommander-1.82.pom
2025-08-20 14:23:20,656 [Worker-10: Building] INFO  o.e.m.c.i.e.AbstractTransferListenerAdapter - Downloading https://repo.maven.apache.org/maven2/com/github/jai-imageio/jai-imageio-core/1.4.0/jai-imageio-core-1.4.0.pom
2025-08-20 14:23:20,719 [Worker-10: Building] INFO  o.e.m.c.i.e.AbstractTransferListenerAdapter - Downloaded https://repo.maven.apache.org/maven2/com/github/jai-imageio/jai-imageio-core/1.4.0/jai-imageio-core-1.4.0.pom
2025-08-20 14:23:20,924 [Worker-10: Building] INFO  o.e.m.c.i.e.AbstractTransferListenerAdapter - Downloading https://repo.maven.apache.org/maven2/com/itextpdf/itextpdf/5.5.13.3/itextpdf-5.5.13.3.jar
2025-08-20 14:23:22,403 [Worker-10: Building] INFO  o.e.m.c.i.e.AbstractTransferListenerAdapter - Downloaded https://repo.maven.apache.org/maven2/com/itextpdf/itextpdf/5.5.13.3/itextpdf-5.5.13.3.jar
2025-08-20 14:23:22,504 [BasicRepositoryConnector-repo.maven.apache.org-0-0] INFO  o.e.m.c.i.e.AbstractTransferListenerAdapter - Downloading https://repo.maven.apache.org/maven2/com/google/zxing/core/3.5.2/core-3.5.2.jar
2025-08-20 14:23:22,818 [BasicRepositoryConnector-repo.maven.apache.org-0-0] INFO  o.e.m.c.i.e.AbstractTransferListenerAdapter - Downloaded https://repo.maven.apache.org/maven2/com/google/zxing/core/3.5.2/core-3.5.2.jar
2025-08-20 14:23:23,199 [BasicRepositoryConnector-repo.maven.apache.org-0-2] INFO  o.e.m.c.i.e.AbstractTransferListenerAdapter - Downloading https://repo.maven.apache.org/maven2/com/beust/jcommander/1.82/jcommander-1.82.jar
2025-08-20 14:23:23,205 [BasicRepositoryConnector-repo.maven.apache.org-0-1] INFO  o.e.m.c.i.e.AbstractTransferListenerAdapter - Downloading https://repo.maven.apache.org/maven2/com/google/zxing/javase/3.5.2/javase-3.5.2.jar
2025-08-20 14:23:23,211 [BasicRepositoryConnector-repo.maven.apache.org-0-3] INFO  o.e.m.c.i.e.AbstractTransferListenerAdapter - Downloading https://repo.maven.apache.org/maven2/com/github/jai-imageio/jai-imageio-core/1.4.0/jai-imageio-core-1.4.0.jar
2025-08-20 14:23:23,379 [BasicRepositoryConnector-repo.maven.apache.org-0-2] INFO  o.e.m.c.i.e.AbstractTransferListenerAdapter - Downloaded https://repo.maven.apache.org/maven2/com/beust/jcommander/1.82/jcommander-1.82.jar
2025-08-20 14:23:23,709 [BasicRepositoryConnector-repo.maven.apache.org-0-3] INFO  o.e.m.c.i.e.AbstractTransferListenerAdapter - Downloaded https://repo.maven.apache.org/maven2/com/github/jai-imageio/jai-imageio-core/1.4.0/jai-imageio-core-1.4.0.jar
2025-08-20 14:23:23,816 [BasicRepositoryConnector-repo.maven.apache.org-0-1] INFO  o.e.m.c.i.e.AbstractTransferListenerAdapter - Downloaded https://repo.maven.apache.org/maven2/com/google/zxing/javase/3.5.2/javase-3.5.2.jar
2025-08-20 14:23:26,164 [Worker-10: Building] INFO  o.a.m.s.f.DefaultMavenResourcesFiltering - Copying 0 resource from src\main\resources to target\classes
2025-08-20 14:23:26,165 [Worker-10: Building] INFO  o.a.m.s.f.DefaultMavenResourcesFiltering - Copying 0 resource from src\main\resources to target\classes
2025-08-20 14:23:26,168 [Worker-10: Building] INFO  o.a.m.s.f.DefaultMavenResourcesFiltering - skip non existing resourceDirectory D:\pdf-invoice-app\pdf-invoice-app\src\test\resources
2025-08-20 14:23:26,599 [Worker-6: Building] INFO  o.a.m.s.f.DefaultMavenResourcesFiltering - Copying 1 resource from src\main\resources to target\classes
2025-08-20 14:23:26,623 [Worker-6: Building] INFO  o.a.m.s.f.DefaultMavenResourcesFiltering - Copying 0 resource from src\main\resources to target\classes
2025-08-20 14:23:26,628 [Worker-6: Building] INFO  o.a.m.s.f.DefaultMavenResourcesFiltering - skip non existing resourceDirectory D:\pdf-invoice-app\pdf-invoice-app\src\test\resources
2025-08-20 14:23:27,074 [Worker-1: Download sources and javadoc] INFO  o.e.m.c.i.e.AbstractTransferListenerAdapter - Downloading https://repo.maven.apache.org/maven2/com/itextpdf/itextpdf/5.5.13.3/itextpdf-5.5.13.3-sources.jar
2025-08-20 14:23:28,360 [Worker-1: Download sources and javadoc] INFO  o.e.m.c.i.e.AbstractTransferListenerAdapter - Downloaded https://repo.maven.apache.org/maven2/com/itextpdf/itextpdf/5.5.13.3/itextpdf-5.5.13.3-sources.jar
2025-08-20 14:23:28,366 [Worker-1: Download sources and javadoc] INFO  o.e.m.j.internal.DownloadSourcesJob - Downloaded sources for com.itextpdf:itextpdf:5.5.13.3
2025-08-20 14:23:28,816 [Worker-1: Download sources and javadoc] INFO  o.e.m.c.i.e.AbstractTransferListenerAdapter - Downloading https://repo.maven.apache.org/maven2/com/google/zxing/core/3.5.2/core-3.5.2-sources.jar
2025-08-20 14:23:29,165 [Worker-1: Download sources and javadoc] INFO  o.e.m.c.i.e.AbstractTransferListenerAdapter - Downloaded https://repo.maven.apache.org/maven2/com/google/zxing/core/3.5.2/core-3.5.2-sources.jar
2025-08-20 14:23:29,172 [Worker-1: Download sources and javadoc] INFO  o.e.m.j.internal.DownloadSourcesJob - Downloaded sources for com.google.zxing:core:3.5.2
2025-08-20 14:23:29,642 [Worker-1: Download sources and javadoc] INFO  o.e.m.c.i.e.AbstractTransferListenerAdapter - Downloading https://repo.maven.apache.org/maven2/com/google/zxing/javase/3.5.2/javase-3.5.2-sources.jar
2025-08-20 14:23:30,318 [Worker-1: Download sources and javadoc] INFO  o.e.m.c.i.e.AbstractTransferListenerAdapter - Downloaded https://repo.maven.apache.org/maven2/com/google/zxing/javase/3.5.2/javase-3.5.2-sources.jar
2025-08-20 14:23:30,323 [Worker-1: Download sources and javadoc] INFO  o.e.m.j.internal.DownloadSourcesJob - Downloaded sources for com.google.zxing:javase:3.5.2
2025-08-20 14:23:30,878 [Worker-1: Download sources and javadoc] INFO  o.e.m.c.i.e.AbstractTransferListenerAdapter - Downloading https://repo.maven.apache.org/maven2/com/beust/jcommander/1.82/jcommander-1.82-sources.jar
2025-08-20 14:23:31,079 [Worker-1: Download sources and javadoc] INFO  o.e.m.c.i.e.AbstractTransferListenerAdapter - Downloaded https://repo.maven.apache.org/maven2/com/beust/jcommander/1.82/jcommander-1.82-sources.jar
2025-08-20 14:23:31,086 [Worker-1: Download sources and javadoc] INFO  o.e.m.j.internal.DownloadSourcesJob - Downloaded sources for com.beust:jcommander:1.82
2025-08-20 14:23:31,715 [Worker-1: Download sources and javadoc] INFO  o.e.m.c.i.e.AbstractTransferListenerAdapter - Downloading https://repo.maven.apache.org/maven2/com/github/jai-imageio/jai-imageio-core/1.4.0/jai-imageio-core-1.4.0-sources.jar
2025-08-20 14:23:32,338 [Worker-1: Download sources and javadoc] INFO  o.e.m.c.i.e.AbstractTransferListenerAdapter - Downloaded https://repo.maven.apache.org/maven2/com/github/jai-imageio/jai-imageio-core/1.4.0/jai-imageio-core-1.4.0-sources.jar
2025-08-20 14:23:32,342 [Worker-1: Download sources and javadoc] INFO  o.e.m.j.internal.DownloadSourcesJob - Downloaded sources for com.github.jai-imageio:jai-imageio-core:1.4.0
2025-08-20 14:23:44,604 [Worker-0: Building] INFO  o.a.m.s.f.DefaultMavenResourcesFiltering - Copying 1 resource from src\main\resources to target\classes
2025-08-20 14:23:44,616 [Worker-0: Building] INFO  o.a.m.s.f.DefaultMavenResourcesFiltering - Copying 0 resource from src\main\resources to target\classes
2025-08-20 14:23:44,624 [Worker-0: Building] INFO  o.a.m.s.f.DefaultMavenResourcesFiltering - skip non existing resourceDirectory D:\pdf-invoice-app\pdf-invoice-app\src\test\resources
2025-08-20 14:24:19,269 [Worker-10: Building] INFO  o.a.m.s.f.DefaultMavenResourcesFiltering - Copying 1 resource from src\main\resources to target\classes
2025-08-20 14:24:19,277 [Worker-10: Building] INFO  o.a.m.s.f.DefaultMavenResourcesFiltering - Copying 0 resource from src\main\resources to target\classes
2025-08-20 14:24:19,283 [Worker-10: Building] INFO  o.a.m.s.f.DefaultMavenResourcesFiltering - skip non existing resourceDirectory D:\pdf-invoice-app\pdf-invoice-app\src\test\resources
2025-08-20 14:36:49,886 [Worker-18: Building] INFO  o.a.m.s.f.DefaultMavenResourcesFiltering - Copying 1 resource from src\main\resources to target\classes
2025-08-20 14:36:49,892 [Worker-18: Building] INFO  o.a.m.s.f.DefaultMavenResourcesFiltering - Copying 0 resource from src\main\resources to target\classes
2025-08-20 14:36:49,894 [Worker-18: Building] INFO  o.a.m.s.f.DefaultMavenResourcesFiltering - skip non existing resourceDirectory D:\pdf-invoice-app\pdf-invoice-app\src\test\resources
2025-08-20 14:37:01,362 [Worker-15: Building] INFO  o.a.m.s.f.DefaultMavenResourcesFiltering - Copying 1 resource from src\main\resources to target\classes
2025-08-20 14:37:01,368 [Worker-15: Building] INFO  o.a.m.s.f.DefaultMavenResourcesFiltering - Copying 0 resource from src\main\resources to target\classes
2025-08-20 14:37:01,371 [Worker-15: Building] INFO  o.a.m.s.f.DefaultMavenResourcesFiltering - skip non existing resourceDirectory D:\pdf-invoice-app\pdf-invoice-app\src\test\resources
2025-08-20 14:37:52,399 [Worker-10: Building] INFO  o.a.m.s.f.DefaultMavenResourcesFiltering - Copying 1 resource from src\main\resources to target\classes
2025-08-20 14:37:52,404 [Worker-10: Building] INFO  o.a.m.s.f.DefaultMavenResourcesFiltering - Copying 0 resource from src\main\resources to target\classes
2025-08-20 14:37:52,408 [Worker-10: Building] INFO  o.a.m.s.f.DefaultMavenResourcesFiltering - skip non existing resourceDirectory D:\pdf-invoice-app\pdf-invoice-app\src\test\resources
2025-08-20 15:47:57,684 [main] INFO  o.e.m2e.actions.ExecutePomAction - Creating new launch configuration
2025-08-20 15:48:14,041 [Worker-33: Launching pdf-invoice-app] INFO  o.eclipse.m2e.core.internal.Bundles - getClasspathEntries(Bundle=org.eclipse.m2e.maven.runtime_3.9.600.20231203-1234 [354])
2025-08-20 15:48:14,054 [Worker-33: Launching pdf-invoice-app] INFO  o.eclipse.m2e.core.internal.Bundles - 	Entry: C:\Users\Administrator\Downloads\sts-4.22.1.RELEASE\plugins\org.eclipse.m2e.maven.runtime_3.9.600.20231203-1234
2025-08-20 15:48:14,054 [Worker-33: Launching pdf-invoice-app] INFO  o.eclipse.m2e.core.internal.Bundles - 	Entry: C:\Users\Administrator\Downloads\sts-4.22.1.RELEASE\plugins\org.eclipse.m2e.maven.runtime_3.9.600.20231203-1234\jars\aopalliance-1.0.jar
2025-08-20 15:48:14,055 [Worker-33: Launching pdf-invoice-app] INFO  o.eclipse.m2e.core.internal.Bundles - 	Entry: C:\Users\Administrator\Downloads\sts-4.22.1.RELEASE\plugins\org.eclipse.m2e.maven.runtime_3.9.600.20231203-1234\jars\guice-5.1.0.jar
2025-08-20 15:48:14,055 [Worker-33: Launching pdf-invoice-app] INFO  o.eclipse.m2e.core.internal.Bundles - 	Entry: C:\Users\Administrator\Downloads\sts-4.22.1.RELEASE\plugins\org.eclipse.m2e.maven.runtime_3.9.600.20231203-1234\jars\httpclient-4.5.14.jar
2025-08-20 15:48:14,056 [Worker-33: Launching pdf-invoice-app] INFO  o.eclipse.m2e.core.internal.Bundles - 	Entry: C:\Users\Administrator\Downloads\sts-4.22.1.RELEASE\plugins\org.eclipse.m2e.maven.runtime_3.9.600.20231203-1234\jars\httpcore-4.4.16.jar
2025-08-20 15:48:14,056 [Worker-33: Launching pdf-invoice-app] INFO  o.eclipse.m2e.core.internal.Bundles - 	Entry: C:\Users\Administrator\Downloads\sts-4.22.1.RELEASE\plugins\org.eclipse.m2e.maven.runtime_3.9.600.20231203-1234\jars\jansi-2.4.0.jar
2025-08-20 15:48:14,056 [Worker-33: Launching pdf-invoice-app] INFO  o.eclipse.m2e.core.internal.Bundles - 	Entry: C:\Users\Administrator\Downloads\sts-4.22.1.RELEASE\plugins\org.eclipse.m2e.maven.runtime_3.9.600.20231203-1234\jars\jcl-over-slf4j-1.7.36.jar
2025-08-20 15:48:14,056 [Worker-33: Launching pdf-invoice-app] INFO  o.eclipse.m2e.core.internal.Bundles - 	Entry: C:\Users\Administrator\Downloads\sts-4.22.1.RELEASE\plugins\org.eclipse.m2e.maven.runtime_3.9.600.20231203-1234\jars\maven-artifact-3.9.6.jar
2025-08-20 15:48:14,056 [Worker-33: Launching pdf-invoice-app] INFO  o.eclipse.m2e.core.internal.Bundles - 	Entry: C:\Users\Administrator\Downloads\sts-4.22.1.RELEASE\plugins\org.eclipse.m2e.maven.runtime_3.9.600.20231203-1234\jars\maven-builder-support-3.9.6.jar
2025-08-20 15:48:14,057 [Worker-33: Launching pdf-invoice-app] INFO  o.eclipse.m2e.core.internal.Bundles - 	Entry: C:\Users\Administrator\Downloads\sts-4.22.1.RELEASE\plugins\org.eclipse.m2e.maven.runtime_3.9.600.20231203-1234\jars\maven-compat-3.9.6.jar
2025-08-20 15:48:14,075 [Worker-33: Launching pdf-invoice-app] INFO  o.eclipse.m2e.core.internal.Bundles - 	Entry: C:\Users\Administrator\Downloads\sts-4.22.1.RELEASE\plugins\org.eclipse.m2e.maven.runtime_3.9.600.20231203-1234\jars\maven-core-3.9.6.jar
2025-08-20 15:48:14,076 [Worker-33: Launching pdf-invoice-app] INFO  o.eclipse.m2e.core.internal.Bundles - 	Entry: C:\Users\Administrator\Downloads\sts-4.22.1.RELEASE\plugins\org.eclipse.m2e.maven.runtime_3.9.600.20231203-1234\jars\maven-embedder-3.9.6.jar
2025-08-20 15:48:14,076 [Worker-33: Launching pdf-invoice-app] INFO  o.eclipse.m2e.core.internal.Bundles - 	Entry: C:\Users\Administrator\Downloads\sts-4.22.1.RELEASE\plugins\org.eclipse.m2e.maven.runtime_3.9.600.20231203-1234\jars\maven-model-3.9.6.jar
2025-08-20 15:48:14,076 [Worker-33: Launching pdf-invoice-app] INFO  o.eclipse.m2e.core.internal.Bundles - 	Entry: C:\Users\Administrator\Downloads\sts-4.22.1.RELEASE\plugins\org.eclipse.m2e.maven.runtime_3.9.600.20231203-1234\jars\maven-model-builder-3.9.6.jar
2025-08-20 15:48:14,076 [Worker-33: Launching pdf-invoice-app] INFO  o.eclipse.m2e.core.internal.Bundles - 	Entry: C:\Users\Administrator\Downloads\sts-4.22.1.RELEASE\plugins\org.eclipse.m2e.maven.runtime_3.9.600.20231203-1234\jars\maven-plugin-api-3.9.6.jar
2025-08-20 15:48:14,076 [Worker-33: Launching pdf-invoice-app] INFO  o.eclipse.m2e.core.internal.Bundles - 	Entry: C:\Users\Administrator\Downloads\sts-4.22.1.RELEASE\plugins\org.eclipse.m2e.maven.runtime_3.9.600.20231203-1234\jars\maven-repository-metadata-3.9.6.jar
2025-08-20 15:48:14,076 [Worker-33: Launching pdf-invoice-app] INFO  o.eclipse.m2e.core.internal.Bundles - 	Entry: C:\Users\Administrator\Downloads\sts-4.22.1.RELEASE\plugins\org.eclipse.m2e.maven.runtime_3.9.600.20231203-1234\jars\maven-resolver-api-1.9.18.jar
2025-08-20 15:48:14,077 [Worker-33: Launching pdf-invoice-app] INFO  o.eclipse.m2e.core.internal.Bundles - 	Entry: C:\Users\Administrator\Downloads\sts-4.22.1.RELEASE\plugins\org.eclipse.m2e.maven.runtime_3.9.600.20231203-1234\jars\maven-resolver-connector-basic-1.9.18.jar
2025-08-20 15:48:14,077 [Worker-33: Launching pdf-invoice-app] INFO  o.eclipse.m2e.core.internal.Bundles - 	Entry: C:\Users\Administrator\Downloads\sts-4.22.1.RELEASE\plugins\org.eclipse.m2e.maven.runtime_3.9.600.20231203-1234\jars\maven-resolver-impl-1.9.18.jar
2025-08-20 15:48:14,077 [Worker-33: Launching pdf-invoice-app] INFO  o.eclipse.m2e.core.internal.Bundles - 	Entry: C:\Users\Administrator\Downloads\sts-4.22.1.RELEASE\plugins\org.eclipse.m2e.maven.runtime_3.9.600.20231203-1234\jars\maven-resolver-named-locks-1.9.18.jar
2025-08-20 15:48:14,077 [Worker-33: Launching pdf-invoice-app] INFO  o.eclipse.m2e.core.internal.Bundles - 	Entry: C:\Users\Administrator\Downloads\sts-4.22.1.RELEASE\plugins\org.eclipse.m2e.maven.runtime_3.9.600.20231203-1234\jars\maven-resolver-provider-3.9.6.jar
2025-08-20 15:48:14,077 [Worker-33: Launching pdf-invoice-app] INFO  o.eclipse.m2e.core.internal.Bundles - 	Entry: C:\Users\Administrator\Downloads\sts-4.22.1.RELEASE\plugins\org.eclipse.m2e.maven.runtime_3.9.600.20231203-1234\jars\maven-resolver-spi-1.9.18.jar
2025-08-20 15:48:14,077 [Worker-33: Launching pdf-invoice-app] INFO  o.eclipse.m2e.core.internal.Bundles - 	Entry: C:\Users\Administrator\Downloads\sts-4.22.1.RELEASE\plugins\org.eclipse.m2e.maven.runtime_3.9.600.20231203-1234\jars\maven-resolver-transport-file-1.9.18.jar
2025-08-20 15:48:14,078 [Worker-33: Launching pdf-invoice-app] INFO  o.eclipse.m2e.core.internal.Bundles - 	Entry: C:\Users\Administrator\Downloads\sts-4.22.1.RELEASE\plugins\org.eclipse.m2e.maven.runtime_3.9.600.20231203-1234\jars\maven-resolver-transport-http-1.9.18.jar
2025-08-20 15:48:14,078 [Worker-33: Launching pdf-invoice-app] INFO  o.eclipse.m2e.core.internal.Bundles - 	Entry: C:\Users\Administrator\Downloads\sts-4.22.1.RELEASE\plugins\org.eclipse.m2e.maven.runtime_3.9.600.20231203-1234\jars\maven-resolver-transport-wagon-1.9.18.jar
2025-08-20 15:48:14,078 [Worker-33: Launching pdf-invoice-app] INFO  o.eclipse.m2e.core.internal.Bundles - 	Entry: C:\Users\Administrator\Downloads\sts-4.22.1.RELEASE\plugins\org.eclipse.m2e.maven.runtime_3.9.600.20231203-1234\jars\maven-resolver-util-1.9.18.jar
2025-08-20 15:48:14,078 [Worker-33: Launching pdf-invoice-app] INFO  o.eclipse.m2e.core.internal.Bundles - 	Entry: C:\Users\Administrator\Downloads\sts-4.22.1.RELEASE\plugins\org.eclipse.m2e.maven.runtime_3.9.600.20231203-1234\jars\maven-settings-3.9.6.jar
2025-08-20 15:48:14,079 [Worker-33: Launching pdf-invoice-app] INFO  o.eclipse.m2e.core.internal.Bundles - 	Entry: C:\Users\Administrator\Downloads\sts-4.22.1.RELEASE\plugins\org.eclipse.m2e.maven.runtime_3.9.600.20231203-1234\jars\maven-settings-builder-3.9.6.jar
2025-08-20 15:48:14,079 [Worker-33: Launching pdf-invoice-app] INFO  o.eclipse.m2e.core.internal.Bundles - 	Entry: C:\Users\Administrator\Downloads\sts-4.22.1.RELEASE\plugins\org.eclipse.m2e.maven.runtime_3.9.600.20231203-1234\jars\maven-shared-utils-3.3.4.jar
2025-08-20 15:48:14,079 [Worker-33: Launching pdf-invoice-app] INFO  o.eclipse.m2e.core.internal.Bundles - 	Entry: C:\Users\Administrator\Downloads\sts-4.22.1.RELEASE\plugins\org.eclipse.m2e.maven.runtime_3.9.600.20231203-1234\jars\org.eclipse.sisu.inject-0.9.0.M2.jar
2025-08-20 15:48:14,079 [Worker-33: Launching pdf-invoice-app] INFO  o.eclipse.m2e.core.internal.Bundles - 	Entry: C:\Users\Administrator\Downloads\sts-4.22.1.RELEASE\plugins\org.eclipse.m2e.maven.runtime_3.9.600.20231203-1234\jars\org.eclipse.sisu.plexus-0.9.0.M2.jar
2025-08-20 15:48:14,079 [Worker-33: Launching pdf-invoice-app] INFO  o.eclipse.m2e.core.internal.Bundles - 	Entry: C:\Users\Administrator\Downloads\sts-4.22.1.RELEASE\plugins\org.eclipse.m2e.maven.runtime_3.9.600.20231203-1234\jars\plexus-build-api-0.0.7.jar
2025-08-20 15:48:14,080 [Worker-33: Launching pdf-invoice-app] INFO  o.eclipse.m2e.core.internal.Bundles - 	Entry: C:\Users\Administrator\Downloads\sts-4.22.1.RELEASE\plugins\org.eclipse.m2e.maven.runtime_3.9.600.20231203-1234\jars\plexus-cipher-2.0.jar
2025-08-20 15:48:14,080 [Worker-33: Launching pdf-invoice-app] INFO  o.eclipse.m2e.core.internal.Bundles - 	Entry: C:\Users\Administrator\Downloads\sts-4.22.1.RELEASE\plugins\org.eclipse.m2e.maven.runtime_3.9.600.20231203-1234\jars\plexus-classworlds-2.7.0.jar
2025-08-20 15:48:14,080 [Worker-33: Launching pdf-invoice-app] INFO  o.eclipse.m2e.core.internal.Bundles - 	Entry: C:\Users\Administrator\Downloads\sts-4.22.1.RELEASE\plugins\org.eclipse.m2e.maven.runtime_3.9.600.20231203-1234\jars\plexus-component-annotations-2.1.0.jar
2025-08-20 15:48:14,081 [Worker-33: Launching pdf-invoice-app] INFO  o.eclipse.m2e.core.internal.Bundles - 	Entry: C:\Users\Administrator\Downloads\sts-4.22.1.RELEASE\plugins\org.eclipse.m2e.maven.runtime_3.9.600.20231203-1234\jars\plexus-interpolation-1.26.jar
2025-08-20 15:48:14,081 [Worker-33: Launching pdf-invoice-app] INFO  o.eclipse.m2e.core.internal.Bundles - 	Entry: C:\Users\Administrator\Downloads\sts-4.22.1.RELEASE\plugins\org.eclipse.m2e.maven.runtime_3.9.600.20231203-1234\jars\plexus-sec-dispatcher-2.0.jar
2025-08-20 15:48:14,081 [Worker-33: Launching pdf-invoice-app] INFO  o.eclipse.m2e.core.internal.Bundles - 	Entry: C:\Users\Administrator\Downloads\sts-4.22.1.RELEASE\plugins\org.eclipse.m2e.maven.runtime_3.9.600.20231203-1234\jars\plexus-utils-3.5.1.jar
2025-08-20 15:48:14,081 [Worker-33: Launching pdf-invoice-app] INFO  o.eclipse.m2e.core.internal.Bundles - 	Entry: C:\Users\Administrator\Downloads\sts-4.22.1.RELEASE\plugins\org.eclipse.m2e.maven.runtime_3.9.600.20231203-1234\jars\wagon-file-3.5.3.jar
2025-08-20 15:48:14,081 [Worker-33: Launching pdf-invoice-app] INFO  o.eclipse.m2e.core.internal.Bundles - 	Entry: C:\Users\Administrator\Downloads\sts-4.22.1.RELEASE\plugins\org.eclipse.m2e.maven.runtime_3.9.600.20231203-1234\jars\wagon-http-3.5.3.jar
2025-08-20 15:48:14,082 [Worker-33: Launching pdf-invoice-app] INFO  o.eclipse.m2e.core.internal.Bundles - 	Entry: C:\Users\Administrator\Downloads\sts-4.22.1.RELEASE\plugins\org.eclipse.m2e.maven.runtime_3.9.600.20231203-1234\jars\wagon-http-shared-3.5.3.jar
2025-08-20 15:48:14,082 [Worker-33: Launching pdf-invoice-app] INFO  o.eclipse.m2e.core.internal.Bundles - 	Entry: C:\Users\Administrator\Downloads\sts-4.22.1.RELEASE\plugins\org.eclipse.m2e.maven.runtime_3.9.600.20231203-1234\jars\wagon-provider-api-3.5.3.jar
2025-08-20 15:48:14,085 [Worker-33: Launching pdf-invoice-app] INFO  o.eclipse.m2e.core.internal.Bundles - getClasspathEntries(Bundle=com.google.guava_33.0.0.jre [27])
2025-08-20 15:48:14,097 [Worker-33: Launching pdf-invoice-app] INFO  o.eclipse.m2e.core.internal.Bundles - 	Entry: C:\Users\Administrator\Downloads\sts-4.22.1.RELEASE\plugins\com.google.guava_33.0.0.jre.jar
2025-08-20 15:48:14,099 [Worker-33: Launching pdf-invoice-app] INFO  o.eclipse.m2e.core.internal.Bundles - getClasspathEntries(Bundle=slf4j.api_2.0.12 [584])
2025-08-20 15:48:14,100 [Worker-33: Launching pdf-invoice-app] INFO  o.eclipse.m2e.core.internal.Bundles - 	Entry: C:\Users\Administrator\Downloads\sts-4.22.1.RELEASE\plugins\slf4j.api_2.0.12.jar
2025-08-20 15:48:14,101 [Worker-33: Launching pdf-invoice-app] INFO  o.eclipse.m2e.core.internal.Bundles - getClasspathEntries(Bundle=jakarta.inject.jakarta.inject-api_1.0.5 [44])
2025-08-20 15:48:14,101 [Worker-33: Launching pdf-invoice-app] INFO  o.eclipse.m2e.core.internal.Bundles - 	Entry: C:\Users\Administrator\Downloads\sts-4.22.1.RELEASE\plugins\jakarta.inject.jakarta.inject-api_1.0.5.jar
2025-08-20 15:48:14,102 [Worker-33: Launching pdf-invoice-app] INFO  o.eclipse.m2e.core.internal.Bundles - getClasspathEntries(Bundle=jakarta.annotation-api_1.3.5 [40])
2025-08-20 15:48:14,102 [Worker-33: Launching pdf-invoice-app] INFO  o.eclipse.m2e.core.internal.Bundles - 	Entry: C:\Users\Administrator\Downloads\sts-4.22.1.RELEASE\plugins\jakarta.annotation-api_1.3.5.jar
2025-08-20 15:48:14,102 [Worker-33: Launching pdf-invoice-app] INFO  o.eclipse.m2e.core.internal.Bundles - getClasspathEntries(Bundle=org.apache.commons.cli_1.6.0 [75])
2025-08-20 15:48:14,102 [Worker-33: Launching pdf-invoice-app] INFO  o.eclipse.m2e.core.internal.Bundles - 	Entry: C:\Users\Administrator\Downloads\sts-4.22.1.RELEASE\plugins\org.apache.commons.cli_1.6.0.jar
2025-08-20 15:48:14,102 [Worker-33: Launching pdf-invoice-app] INFO  o.eclipse.m2e.core.internal.Bundles - getClasspathEntries(Bundle=org.apache.commons.commons-codec_1.16.0 [77])
2025-08-20 15:48:14,102 [Worker-33: Launching pdf-invoice-app] INFO  o.eclipse.m2e.core.internal.Bundles - 	Entry: C:\Users\Administrator\Downloads\sts-4.22.1.RELEASE\plugins\org.apache.commons.commons-codec_1.16.0.jar
2025-08-20 15:48:14,102 [Worker-33: Launching pdf-invoice-app] INFO  o.eclipse.m2e.core.internal.Bundles - getClasspathEntries(Bundle=org.apache.commons.lang3_3.14.0 [81])
2025-08-20 15:48:14,102 [Worker-33: Launching pdf-invoice-app] INFO  o.eclipse.m2e.core.internal.Bundles - 	Entry: C:\Users\Administrator\Downloads\sts-4.22.1.RELEASE\plugins\org.apache.commons.lang3_3.14.0.jar
2025-08-20 15:48:14,102 [Worker-33: Launching pdf-invoice-app] INFO  o.eclipse.m2e.core.internal.Bundles - getClasspathEntries(Bundle=com.google.guava.failureaccess_1.0.2 [29])
2025-08-20 15:48:14,103 [Worker-33: Launching pdf-invoice-app] INFO  o.eclipse.m2e.core.internal.Bundles - 	Entry: C:\Users\Administrator\Downloads\sts-4.22.1.RELEASE\plugins\com.google.guava.failureaccess_1.0.2.jar
2025-08-20 15:48:14,137 [Worker-33: Launching pdf-invoice-app] INFO  o.e.m.i.launch.MavenLaunchDelegate - Run build in "D:\pdf-invoice-app\pdf-invoice-app":
2025-08-20 15:48:14,138 [Worker-33: Launching pdf-invoice-app] INFO  o.e.m.i.launch.MavenLaunchDelegate -  mvn  -Ppom.xml -B -Dstyle.color=always clean compile package
